Log file open, 09/10/20 10:59:56
LogInit: Display: Running engine for game: FA2020_Door
LogPlatformFile: Not using cached read wrapper
LogTaskGraph: Started task graph with 5 named threads and 23 total threads with 3 sets of task threads.
LogStats: Stats thread started at 0.223093
LogD3D11RHI: Loaded GFSDK_Aftermath_Lib.x64.dll
LogICUInternationalization: ICU TimeZone Detection - Raw Offset: -5:00, Platform Override: ''
LogPluginManager: Mounting plugin Paper2D
LogPluginManager: Mounting plugin AISupport
LogPluginManager: Mounting plugin LightPropagationVolume
LogPluginManager: Mounting plugin CameraShakePreviewer
LogPluginManager: Mounting plugin ActorLayerUtilities
LogPluginManager: Mounting plugin AnimationSharing
LogPluginManager: Mounting plugin CLionSourceCodeAccess
LogPluginManager: Mounting plugin CodeLiteSourceCodeAccess
LogPluginManager: Mounting plugin GitSourceControl
LogPluginManager: Mounting plugin KDevelopSourceCodeAccess
LogPluginManager: Mounting plugin NullSourceCodeAccess
LogPluginManager: Mounting plugin PerforceSourceControl
LogPluginManager: Mounting plugin PlasticSourceControl
LogPluginManager: Mounting plugin RiderSourceCodeAccess
LogPluginManager: Mounting plugin SubversionSourceControl
LogPluginManager: Mounting plugin UObjectPlugin
LogPluginManager: Mounting plugin VisualStudioCodeSourceCodeAccess
LogPluginManager: Mounting plugin VisualStudioSourceCodeAccess
LogPluginManager: Mounting plugin XCodeSourceCodeAccess
LogPluginManager: Mounting plugin AssetManagerEditor
LogPluginManager: Mounting plugin CryptoKeys
LogPluginManager: Mounting plugin CurveEditorTools
LogPluginManager: Mounting plugin DataValidation
LogPluginManager: Mounting plugin EditorScriptingUtilities
LogPluginManager: Mounting plugin FacialAnimation
LogPluginManager: Mounting plugin GameplayTagsEditor
LogPluginManager: Mounting plugin GeometryMode
LogPluginManager: Mounting plugin MacGraphicsSwitching
LogPluginManager: Mounting plugin MaterialAnalyzer
LogPluginManager: Mounting plugin MobileLauncherProfileWizard
LogPluginManager: Mounting plugin PluginBrowser
LogPluginManager: Mounting plugin SpeedTreeImporter
LogPluginManager: Mounting plugin DatasmithContent
LogPluginManager: Mounting plugin VariantManagerContent
LogPluginManager: Mounting plugin AlembicImporter
LogPluginManager: Mounting plugin AutomationUtils
LogPluginManager: Mounting plugin BackChannel
LogPluginManager: Mounting plugin ChaosCloth
LogPluginManager: Mounting plugin ChaosClothEditor
LogPluginManager: Mounting plugin ChaosEditor
LogPluginManager: Mounting plugin ChaosNiagara
LogPluginManager: Mounting plugin ChaosSolverPlugin
LogPluginManager: Mounting plugin CharacterAI
LogPluginManager: Mounting plugin GeometryCache
LogPluginManager: Mounting plugin GeometryCollectionPlugin
LogPluginManager: Mounting plugin GeometryProcessing
LogPluginManager: Mounting plugin PlanarCut
LogPluginManager: Mounting plugin PlatformCrypto
LogPluginManager: Mounting plugin ProxyLODPlugin
LogPluginManager: Mounting plugin SkeletalReduction
LogPluginManager: Mounting plugin Niagara
LogPluginManager: Mounting plugin MagicLeap
LogPluginManager: Mounting plugin MagicLeapLightEstimation
LogPluginManager: Mounting plugin MagicLeapMedia
LogPluginManager: Mounting plugin MagicLeapPassableWorld
LogPluginManager: Mounting plugin MLSDK
LogPluginManager: Mounting plugin AndroidMedia
LogPluginManager: Mounting plugin AvfMedia
LogPluginManager: Mounting plugin ImgMedia
LogPluginManager: Mounting plugin MediaCompositing
LogPluginManager: Mounting plugin MediaPlayerEditor
LogPluginManager: Mounting plugin WebMMedia
LogPluginManager: Mounting plugin WmfMedia
LogPluginManager: Mounting plugin MeshPainting
LogPluginManager: Mounting plugin TcpMessaging
LogPluginManager: Mounting plugin UdpMessaging
LogPluginManager: Mounting plugin ActorSequence
LogPluginManager: Mounting plugin LevelSequenceEditor
LogPluginManager: Mounting plugin MatineeToLevelSequence
LogPluginManager: Mounting plugin MovieRenderPipeline
LogPluginManager: Mounting plugin TemplateSequence
LogPluginManager: Mounting plugin NetcodeUnitTest
LogPluginManager: Mounting plugin NUTUnrealEngine4
LogPluginManager: Mounting plugin OnlineSubsystemGooglePlay
LogPluginManager: Mounting plugin OnlineSubsystemIOS
LogPluginManager: Mounting plugin OnlineSubsystem
LogPluginManager: Mounting plugin OnlineSubsystemNull
LogPluginManager: Mounting plugin OnlineSubsystemUtils
LogPluginManager: Mounting plugin LauncherChunkInstaller
LogPluginManager: Mounting plugin AndroidDeviceProfileSelector
LogPluginManager: Mounting plugin AndroidMoviePlayer
LogPluginManager: Mounting plugin AndroidPermission
LogPluginManager: Mounting plugin AppleImageUtils
LogPluginManager: Mounting plugin AppleMoviePlayer
LogPluginManager: Mounting plugin ArchVisCharacter
LogPluginManager: Mounting plugin AssetTags
LogPluginManager: Mounting plugin AudioCapture
LogPluginManager: Mounting plugin CableComponent
LogPluginManager: Mounting plugin CustomMeshComponent
LogPluginManager: Mounting plugin EditableMesh
LogPluginManager: Mounting plugin ExampleDeviceProfileSelector
LogPluginManager: Mounting plugin GoogleCloudMessaging
LogPluginManager: Mounting plugin GooglePAD
LogPluginManager: Mounting plugin IOSDeviceProfileSelector
LogPluginManager: Mounting plugin LinuxDeviceProfileSelector
LogPluginManager: Mounting plugin LocationServicesBPLibrary
LogPluginManager: Mounting plugin MobilePatchingUtils
LogPluginManager: Mounting plugin OculusVR
LogPluginManager: Mounting plugin PhysXVehicles
LogPluginManager: Mounting plugin PostSplashScreen
LogPluginManager: Mounting plugin ProceduralMeshComponent
LogPluginManager: Mounting plugin RuntimePhysXCooking
LogPluginManager: Mounting plugin SignificanceManager
LogPluginManager: Mounting plugin SoundFields
LogPluginManager: Mounting plugin SteamVR
LogPluginManager: Mounting plugin Synthesis
LogPluginManager: Mounting plugin WebMMoviePlayer
LogPluginManager: Mounting plugin WindowsMoviePlayer
LogPluginManager: Mounting plugin ScreenshotTools
LogInit: Using libcurl 7.55.1-DEV
LogInit:  - built for x86_64-pc-win32
LogInit:  - supports SSL with OpenSSL/1.1.1
LogInit:  - supports HTTP deflate (compression) using libz 1.2.8
LogInit:  - other features:
LogInit:      CURL_VERSION_SSL
LogInit:      CURL_VERSION_LIBZ
LogInit:      CURL_VERSION_IPV6
LogInit:      CURL_VERSION_ASYNCHDNS
LogInit:      CURL_VERSION_LARGEFILE
LogInit:      CURL_VERSION_IDN
LogInit:  CurlRequestOptions (configurable via config and command line):
LogInit:  - bVerifyPeer = true  - Libcurl will verify peer certificate
LogInit:  - bUseHttpProxy = false  - Libcurl will NOT use HTTP proxy
LogInit:  - bDontReuseConnections = false  - Libcurl will reuse connections
LogInit:  - MaxHostConnections = 16  - Libcurl will limit the number of connections to a host
LogInit:  - LocalHostAddr = Default
LogInit:  - BufferSize = 65536
LogOnline: OSS: Creating online subsystem instance for: NULL
LogInit: WinSock: version 1.1 (2.2), MaxSocks=32767, MaxUdp=65467
LogOnline: OSS: TryLoadSubsystemAndSetDefault: Loaded subsystem for module [NULL]
LogInit: Build: ++UE4+Release-4.25-CL-13942748
LogInit: Engine Version: 4.25.3-13942748+++UE4+Release-4.25
LogInit: Compatible Engine Version: 4.25.0-13144385+++UE4+Release-4.25
LogInit: Net CL: 13144385
LogInit: OS: Windows 10 (Release 1909) (), CPU: Intel(R) Core(TM) i7-7700 CPU @ 3.60GHz, GPU: NVIDIA GeForce GTX 1070
LogInit: Compiled (64-bit): Jul 25 2020 02:07:48
LogInit: Compiled with Visual C++: 19.24.28315.00
LogInit: Build Configuration: Development
LogInit: Branch Name: ++UE4+Release-4.25
LogInit: Command Line: 
LogInit: Base Directory: C:/Program Files/Epic Games/UE_4.25/Engine/Binaries/Win64/
LogInit: Allocator: TBB
LogInit: Installed Engine Build: 1
LogDevObjectVersion: Number of dev versions registered: 26
LogDevObjectVersion:   Dev-Blueprints (B0D832E4-1F89-4F0D-ACCF-7EB736FD4AA2): 10
LogDevObjectVersion:   Dev-Build (E1C64328-A22C-4D53-A36C-8E866417BD8C): 0
LogDevObjectVersion:   Dev-Core (375EC13C-06E4-48FB-B500-84F0262A717E): 4
LogDevObjectVersion:   Dev-Editor (E4B068ED-F494-42E9-A231-DA0B2E46BB41): 38
LogDevObjectVersion:   Dev-Framework (CFFC743F-43B0-4480-9391-14DF171D2073): 37
LogDevObjectVersion:   Dev-Mobile (B02B49B5-BB20-44E9-A304-32B752E40360): 2
LogDevObjectVersion:   Dev-Networking (A4E4105C-59A1-49B5-A7C5-40C4547EDFEE): 0
LogDevObjectVersion:   Dev-Online (39C831C9-5AE6-47DC-9A44-9C173E1C8E7C): 0
LogDevObjectVersion:   Dev-Physics (78F01B33-EBEA-4F98-B9B4-84EACCB95AA2): 4
LogDevObjectVersion:   Dev-Platform (6631380F-2D4D-43E0-8009-CF276956A95A): 0
LogDevObjectVersion:   Dev-Rendering (12F88B9F-8875-4AFC-A67C-D90C383ABD29): 43
LogDevObjectVersion:   Dev-Sequencer (7B5AE74C-D270-4C10-A958-57980B212A5A): 12
LogDevObjectVersion:   Dev-VR (D7296918-1DD6-4BDD-9DE2-64A83CC13884): 3
LogDevObjectVersion:   Dev-LoadTimes (C2A15278-BFE7-4AFE-6C17-90FF531DF755): 1
LogDevObjectVersion:   Private-Geometry (6EACA3D4-40EC-4CC1-B786-8BED09428FC5): 3
LogDevObjectVersion:   Dev-AnimPhys (29E575DD-E0A3-4627-9D10-D276232CDCEA): 17
LogDevObjectVersion:   Dev-Anim (AF43A65D-7FD3-4947-9873-3E8ED9C1BB05): 7
LogDevObjectVersion:   Dev-ReflectionCapture (6B266CEC-1EC7-4B8F-A30B-E4D90942FC07): 1
LogDevObjectVersion:   Dev-Automation (0DF73D61-A23F-47EA-B727-89E90C41499A): 1
LogDevObjectVersion:   FortniteMain (601D1886-AC64-4F84-AA16-D3DE0DEAC7D6): 31
LogDevObjectVersion:   Dev-Enterprise (9DFFBCD6-494F-0158-E221-12823C92A888): 10
LogDevObjectVersion:   Dev-Niagara (F2AED0AC-9AFE-416F-8664-AA7FFA26D6FC): 1
LogDevObjectVersion:   Dev-Destruction (174F1F0B-B4C6-45A5-B13F-2EE8D0FB917D): 10
LogDevObjectVersion:   Dev-Physics-Ext (35F94A83-E258-406C-A318-09F59610247C): 37
LogDevObjectVersion:   Dev-PhysicsMaterial-Chaos (B68FC16E-8B1B-42E2-B453-215C058844FE): 1
LogDevObjectVersion:   Dev-CineCamera (B2E18506-4273-CFC2-A54E-F4BB758BBA07): 1
LogInit: Presizing for max 25165824 objects, including 0 objects not considered by GC, pre-allocating 0 bytes for permanent pool.
LogConfig: Applying CVar settings from Section [/Script/Engine.StreamingSettings] File [O:/GAM-3352/Unreal Projects/FA2020_Door/Saved/Config/Windows/Engine.ini]
LogConfig: Setting CVar [[s.MinBulkDataSizeForAsyncLoading:131072]]
LogConfig: Setting CVar [[s.AsyncLoadingThreadEnabled:0]]
LogConfig: Setting CVar [[s.EventDrivenLoaderEnabled:1]]
LogConfig: Setting CVar [[s.WarnIfTimeLimitExceeded:0]]
LogConfig: Setting CVar [[s.TimeLimitExceededMultiplier:1.5]]
LogConfig: Setting CVar [[s.TimeLimitExceededMinTime:0.005]]
LogConfig: Setting CVar [[s.UseBackgroundLevelStreaming:1]]
LogConfig: Setting CVar [[s.PriorityAsyncLoadingExtraTime:15.0]]
LogConfig: Setting CVar [[s.LevelStreamingActorsUpdateTimeLimit:5.0]]
LogConfig: Setting CVar [[s.PriorityLevelStreamingActorsUpdateExtraTime:5.0]]
LogConfig: Setting CVar [[s.LevelStreamingComponentsRegistrationGranularity:10]]
LogConfig: Setting CVar [[s.UnregisterComponentsTimeLimit:1.0]]
LogConfig: Setting CVar [[s.LevelStreamingComponentsUnregistrationGranularity:5]]
LogConfig: Setting CVar [[s.FlushStreamingOnExit:1]]
LogInit: Object subsystem initialized
LogConfig: Setting CVar [[con.DebugEarlyDefault:1]]
LogConfig: Setting CVar [[r.setres:1280x720]]
[2020.09.10-14.59.58:629][  0]LogConfig: Setting CVar [[r.VSync:0]]
[2020.09.10-14.59.58:629][  0]LogConfig: Setting CVar [[r.RHICmdBypass:0]]
[2020.09.10-14.59.58:630][  0]LogConfig: Applying CVar settings from Section [/Script/Engine.RendererSettings] File [O:/GAM-3352/Unreal Projects/FA2020_Door/Saved/Config/Windows/Engine.ini]
[2020.09.10-14.59.58:630][  0]LogConfig: Setting CVar [[r.GPUCrashDebugging:0]]
[2020.09.10-14.59.58:630][  0]LogConfig: Applying CVar settings from Section [/Script/Engine.RendererOverrideSettings] File [O:/GAM-3352/Unreal Projects/FA2020_Door/Saved/Config/Windows/Engine.ini]
[2020.09.10-14.59.58:630][  0]LogConfig: Applying CVar settings from Section [/Script/Engine.StreamingSettings] File [O:/GAM-3352/Unreal Projects/FA2020_Door/Saved/Config/Windows/Engine.ini]
[2020.09.10-14.59.58:630][  0]LogConfig: Setting CVar [[s.MinBulkDataSizeForAsyncLoading:131072]]
[2020.09.10-14.59.58:630][  0]LogConfig: Setting CVar [[s.AsyncLoadingThreadEnabled:0]]
[2020.09.10-14.59.58:630][  0]LogConfig: Setting CVar [[s.EventDrivenLoaderEnabled:1]]
[2020.09.10-14.59.58:630][  0]LogConfig: Setting CVar [[s.WarnIfTimeLimitExceeded:0]]
[2020.09.10-14.59.58:630][  0]LogConfig: Setting CVar [[s.TimeLimitExceededMultiplier:1.5]]
[2020.09.10-14.59.58:630][  0]LogConfig: Setting CVar [[s.TimeLimitExceededMinTime:0.005]]
[2020.09.10-14.59.58:630][  0]LogConfig: Setting CVar [[s.UseBackgroundLevelStreaming:1]]
[2020.09.10-14.59.58:630][  0]LogConfig: Setting CVar [[s.PriorityAsyncLoadingExtraTime:15.0]]
[2020.09.10-14.59.58:630][  0]LogConfig: Setting CVar [[s.LevelStreamingActorsUpdateTimeLimit:5.0]]
[2020.09.10-14.59.58:630][  0]LogConfig: Setting CVar [[s.PriorityLevelStreamingActorsUpdateExtraTime:5.0]]
[2020.09.10-14.59.58:630][  0]LogConfig: Setting CVar [[s.LevelStreamingComponentsRegistrationGranularity:10]]
[2020.09.10-14.59.58:630][  0]LogConfig: Setting CVar [[s.UnregisterComponentsTimeLimit:1.0]]
[2020.09.10-14.59.58:630][  0]LogConfig: Setting CVar [[s.LevelStreamingComponentsUnregistrationGranularity:5]]
[2020.09.10-14.59.58:630][  0]LogConfig: Setting CVar [[s.FlushStreamingOnExit:1]]
[2020.09.10-14.59.58:630][  0]LogConfig: Applying CVar settings from Section [/Script/Engine.GarbageCollectionSettings] File [O:/GAM-3352/Unreal Projects/FA2020_Door/Saved/Config/Windows/Engine.ini]
[2020.09.10-14.59.58:630][  0]LogConfig: Setting CVar [[gc.MaxObjectsNotConsideredByGC:1]]
[2020.09.10-14.59.58:630][  0]LogConfig: Setting CVar [[gc.SizeOfPermanentObjectPool:0]]
[2020.09.10-14.59.58:630][  0]LogConfig: Setting CVar [[gc.FlushStreamingOnGC:0]]
[2020.09.10-14.59.58:630][  0]LogConfig: Setting CVar [[gc.NumRetriesBeforeForcingGC:10]]
[2020.09.10-14.59.58:630][  0]LogConfig: Setting CVar [[gc.AllowParallelGC:1]]
[2020.09.10-14.59.58:630][  0]LogConfig: Setting CVar [[gc.TimeBetweenPurgingPendingKillObjects:61.1]]
[2020.09.10-14.59.58:630][  0]LogConfig: Setting CVar [[gc.MaxObjectsInEditor:25165824]]
[2020.09.10-14.59.58:630][  0]LogConfig: Setting CVar [[gc.IncrementalBeginDestroyEnabled:1]]
[2020.09.10-14.59.58:630][  0]LogConfig: Setting CVar [[gc.CreateGCClusters:1]]
[2020.09.10-14.59.58:630][  0]LogConfig: Setting CVar [[gc.MinGCClusterSize:5]]
[2020.09.10-14.59.58:630][  0]LogConfig: Setting CVar [[gc.ActorClusteringEnabled:0]]
[2020.09.10-14.59.58:630][  0]LogConfig: Setting CVar [[gc.BlueprintClusteringEnabled:0]]
[2020.09.10-14.59.58:630][  0]LogConfig: Setting CVar [[gc.UseDisregardForGCOnDedicatedServers:0]]
[2020.09.10-14.59.58:630][  0]LogConfig: Applying CVar settings from Section [/Script/Engine.NetworkSettings] File [O:/GAM-3352/Unreal Projects/FA2020_Door/Saved/Config/Windows/Engine.ini]
[2020.09.10-14.59.58:630][  0]LogConfig: Applying CVar settings from Section [/Script/UnrealEd.CookerSettings] File [O:/GAM-3352/Unreal Projects/FA2020_Door/Saved/Config/Windows/Engine.ini]
[2020.09.10-14.59.58:633][  0]LogConfig: Applying CVar settings from Section [ViewDistanceQuality@3] File [O:/GAM-3352/Unreal Projects/FA2020_Door/Saved/Config/Windows/Scalability.ini]
[2020.09.10-14.59.58:633][  0]LogConfig: Setting CVar [[r.SkeletalMeshLODBias:0]]
[2020.09.10-14.59.58:633][  0]LogConfig: Setting CVar [[r.ViewDistanceScale:1.0]]
[2020.09.10-14.59.58:633][  0]LogConfig: Applying CVar settings from Section [AntiAliasingQuality@3] File [O:/GAM-3352/Unreal Projects/FA2020_Door/Saved/Config/Windows/Scalability.ini]
[2020.09.10-14.59.58:633][  0]LogConfig: Setting CVar [[r.PostProcessAAQuality:4]]
[2020.09.10-14.59.58:633][  0]LogConfig: Applying CVar settings from Section [ShadowQuality@3] File [O:/GAM-3352/Unreal Projects/FA2020_Door/Saved/Config/Windows/Scalability.ini]
[2020.09.10-14.59.58:633][  0]LogConfig: Setting CVar [[r.LightFunctionQuality:1]]
[2020.09.10-14.59.58:633][  0]LogConfig: Setting CVar [[r.ShadowQuality:5]]
[2020.09.10-14.59.58:633][  0]LogConfig: Setting CVar [[r.Shadow.CSM.MaxCascades:10]]
[2020.09.10-14.59.58:633][  0]LogConfig: Setting CVar [[r.Shadow.MaxResolution:2048]]
[2020.09.10-14.59.58:633][  0]LogConfig: Setting CVar [[r.Shadow.MaxCSMResolution:2048]]
[2020.09.10-14.59.58:633][  0]LogConfig: Setting CVar [[r.Shadow.RadiusThreshold:0.01]]
[2020.09.10-14.59.58:633][  0]LogConfig: Setting CVar [[r.Shadow.DistanceScale:1.0]]
[2020.09.10-14.59.58:633][  0]LogConfig: Setting CVar [[r.Shadow.CSM.TransitionScale:1.0]]
[2020.09.10-14.59.58:633][  0]LogConfig: Setting CVar [[r.Shadow.PreShadowResolutionFactor:1.0]]
[2020.09.10-14.59.58:633][  0]LogConfig: Setting CVar [[r.DistanceFieldShadowing:1]]
[2020.09.10-14.59.58:633][  0]LogConfig: Setting CVar [[r.DistanceFieldAO:1]]
[2020.09.10-14.59.58:633][  0]LogConfig: Setting CVar [[r.AOQuality:2]]
[2020.09.10-14.59.58:633][  0]LogConfig: Setting CVar [[r.VolumetricFog:1]]
[2020.09.10-14.59.58:633][  0]LogConfig: Setting CVar [[r.VolumetricFog.GridPixelSize:8]]
[2020.09.10-14.59.58:633][  0]LogConfig: Setting CVar [[r.VolumetricFog.GridSizeZ:128]]
[2020.09.10-14.59.58:633][  0]LogConfig: Setting CVar [[r.VolumetricFog.HistoryMissSupersampleCount:4]]
[2020.09.10-14.59.58:633][  0]LogConfig: Setting CVar [[r.LightMaxDrawDistanceScale:1]]
[2020.09.10-14.59.58:633][  0]LogConfig: Setting CVar [[r.CapsuleShadows:1]]
[2020.09.10-14.59.58:633][  0]LogConfig: Applying CVar settings from Section [PostProcessQuality@3] File [O:/GAM-3352/Unreal Projects/FA2020_Door/Saved/Config/Windows/Scalability.ini]
[2020.09.10-14.59.58:633][  0]LogConfig: Setting CVar [[r.MotionBlurQuality:4]]
[2020.09.10-14.59.58:633][  0]LogConfig: Setting CVar [[r.AmbientOcclusionMipLevelFactor:0.4]]
[2020.09.10-14.59.58:633][  0]LogConfig: Setting CVar [[r.AmbientOcclusionMaxQuality:100]]
[2020.09.10-14.59.58:633][  0]LogConfig: Setting CVar [[r.AmbientOcclusionLevels:-1]]
[2020.09.10-14.59.58:633][  0]LogConfig: Setting CVar [[r.AmbientOcclusionRadiusScale:1.0]]
[2020.09.10-14.59.58:633][  0]LogConfig: Setting CVar [[r.DepthOfFieldQuality:2]]
[2020.09.10-14.59.58:633][  0]LogConfig: Setting CVar [[r.RenderTargetPoolMin:400]]
[2020.09.10-14.59.58:633][  0]LogConfig: Setting CVar [[r.LensFlareQuality:2]]
[2020.09.10-14.59.58:633][  0]LogConfig: Setting CVar [[r.SceneColorFringeQuality:1]]
[2020.09.10-14.59.58:633][  0]LogConfig: Setting CVar [[r.EyeAdaptationQuality:2]]
[2020.09.10-14.59.58:633][  0]LogConfig: Setting CVar [[r.BloomQuality:5]]
[2020.09.10-14.59.58:633][  0]LogConfig: Setting CVar [[r.FastBlurThreshold:100]]
[2020.09.10-14.59.58:633][  0]LogConfig: Setting CVar [[r.Upscale.Quality:3]]
[2020.09.10-14.59.58:633][  0]LogConfig: Setting CVar [[r.Tonemapper.GrainQuantization:1]]
[2020.09.10-14.59.58:634][  0]LogConfig: Setting CVar [[r.LightShaftQuality:1]]
[2020.09.10-14.59.58:634][  0]LogConfig: Setting CVar [[r.Filter.SizeScale:1]]
[2020.09.10-14.59.58:634][  0]LogConfig: Setting CVar [[r.Tonemapper.Quality:5]]
[2020.09.10-14.59.58:634][  0]LogConfig: Setting CVar [[r.DOF.Gather.AccumulatorQuality:1        ; higher gathering accumulator quality]]
[2020.09.10-14.59.58:634][  0]LogConfig: Setting CVar [[r.DOF.Gather.PostfilterMethod:1          ; Median3x3 postfilering method]]
[2020.09.10-14.59.58:634][  0]LogConfig: Setting CVar [[r.DOF.Gather.EnableBokehSettings:0       ; no bokeh simulation when gathering]]
[2020.09.10-14.59.58:634][  0]LogConfig: Setting CVar [[r.DOF.Gather.RingCount:4                 ; medium number of samples when gathering]]
[2020.09.10-14.59.58:634][  0]LogConfig: Setting CVar [[r.DOF.Scatter.ForegroundCompositing:1    ; additive foreground scattering]]
[2020.09.10-14.59.58:634][  0]LogConfig: Setting CVar [[r.DOF.Scatter.BackgroundCompositing:2    ; additive background scattering]]
[2020.09.10-14.59.58:634][  0]LogConfig: Setting CVar [[r.DOF.Scatter.EnableBokehSettings:1      ; bokeh simulation when scattering]]
[2020.09.10-14.59.58:634][  0]LogConfig: Setting CVar [[r.DOF.Scatter.MaxSpriteRatio:0.1         ; only a maximum of 10% of scattered bokeh]]
[2020.09.10-14.59.58:634][  0]LogConfig: Setting CVar [[r.DOF.Recombine.Quality:1                ; cheap slight out of focus]]
[2020.09.10-14.59.58:634][  0]LogConfig: Setting CVar [[r.DOF.Recombine.EnableBokehSettings:0    ; no bokeh simulation on slight out of focus]]
[2020.09.10-14.59.58:634][  0]LogConfig: Setting CVar [[r.DOF.TemporalAAQuality:1                ; more stable temporal accumulation]]
[2020.09.10-14.59.58:634][  0]LogConfig: Setting CVar [[r.DOF.Kernel.MaxForegroundRadius:0.025]]
[2020.09.10-14.59.58:634][  0]LogConfig: Setting CVar [[r.DOF.Kernel.MaxBackgroundRadius:0.025]]
[2020.09.10-14.59.58:634][  0]LogConfig: Applying CVar settings from Section [TextureQuality@3] File [O:/GAM-3352/Unreal Projects/FA2020_Door/Saved/Config/Windows/Scalability.ini]
[2020.09.10-14.59.58:634][  0]LogConfig: Setting CVar [[r.Streaming.MipBias:0]]
[2020.09.10-14.59.58:634][  0]LogConfig: Setting CVar [[r.Streaming.AmortizeCPUToGPUCopy:0]]
[2020.09.10-14.59.58:634][  0]LogConfig: Setting CVar [[r.Streaming.MaxNumTexturesToStreamPerFrame:0]]
[2020.09.10-14.59.58:634][  0]LogConfig: Setting CVar [[r.Streaming.Boost:1]]
[2020.09.10-14.59.58:634][  0]LogConfig: Setting CVar [[r.MaxAnisotropy:8]]
[2020.09.10-14.59.58:634][  0]LogConfig: Setting CVar [[r.VT.MaxAnisotropy:8]]
[2020.09.10-14.59.58:634][  0]LogConfig: Setting CVar [[r.Streaming.LimitPoolSizeToVRAM:0]]
[2020.09.10-14.59.58:634][  0]LogConfig: Setting CVar [[r.Streaming.PoolSize:1000]]
[2020.09.10-14.59.58:634][  0]LogConfig: Setting CVar [[r.Streaming.MaxEffectiveScreenSize:0]]
[2020.09.10-14.59.58:634][  0]LogConfig: Applying CVar settings from Section [EffectsQuality@3] File [O:/GAM-3352/Unreal Projects/FA2020_Door/Saved/Config/Windows/Scalability.ini]
[2020.09.10-14.59.58:634][  0]LogConfig: Setting CVar [[r.TranslucencyLightingVolumeDim:64]]
[2020.09.10-14.59.58:634][  0]LogConfig: Setting CVar [[r.RefractionQuality:2]]
[2020.09.10-14.59.58:634][  0]LogConfig: Setting CVar [[r.SSR.Quality:3]]
[2020.09.10-14.59.58:634][  0]LogConfig: Setting CVar [[r.SSR.HalfResSceneColor:0]]
[2020.09.10-14.59.58:634][  0]LogConfig: Setting CVar [[r.SceneColorFormat:4]]
[2020.09.10-14.59.58:634][  0]LogConfig: Setting CVar [[r.DetailMode:2]]
[2020.09.10-14.59.58:634][  0]LogConfig: Setting CVar [[r.TranslucencyVolumeBlur:1]]
[2020.09.10-14.59.58:634][  0]LogConfig: Setting CVar [[r.MaterialQualityLevel:1 ; High quality]]
[2020.09.10-14.59.58:634][  0]LogConfig: Setting CVar [[r.SSS.Scale:1]]
[2020.09.10-14.59.58:634][  0]LogConfig: Setting CVar [[r.SSS.SampleSet:2]]
[2020.09.10-14.59.58:634][  0]LogConfig: Setting CVar [[r.SSS.Quality:1]]
[2020.09.10-14.59.58:634][  0]LogConfig: Setting CVar [[r.SSS.HalfRes:0]]
[2020.09.10-14.59.58:634][  0]LogConfig: Setting CVar [[r.SSGI.Quality:3]]
[2020.09.10-14.59.58:634][  0]LogConfig: Setting CVar [[r.EmitterSpawnRateScale:1.0]]
[2020.09.10-14.59.58:634][  0]LogConfig: Setting CVar [[r.ParticleLightQuality:2]]
[2020.09.10-14.59.58:634][  0]LogConfig: Setting CVar [[r.SkyAtmosphere.AerialPerspectiveLUT.FastApplyOnOpaque:1 ; Always have FastSkyLUT 1 in this case to avoid wrong sky]]
[2020.09.10-14.59.58:634][  0]LogConfig: Setting CVar [[r.SkyAtmosphere.AerialPerspectiveLUT.SampleCountPerSlice:1]]
[2020.09.10-14.59.58:634][  0]LogConfig: Setting CVar [[r.SkyAtmosphere.AerialPerspectiveLUT.DepthResolution:16.0]]
[2020.09.10-14.59.58:634][  0]LogConfig: Setting CVar [[r.SkyAtmosphere.FastSkyLUT:1]]
[2020.09.10-14.59.58:634][  0]LogConfig: Setting CVar [[r.SkyAtmosphere.FastSkyLUT.SampleCountMin:4.0]]
[2020.09.10-14.59.58:634][  0]LogConfig: Setting CVar [[r.SkyAtmosphere.FastSkyLUT.SampleCountMax:32.0]]
[2020.09.10-14.59.58:634][  0]LogConfig: Setting CVar [[r.SkyAtmosphere.SampleCountMin:4.0]]
[2020.09.10-14.59.58:634][  0]LogConfig: Setting CVar [[r.SkyAtmosphere.SampleCountMax:32.0]]
[2020.09.10-14.59.58:634][  0]LogConfig: Setting CVar [[r.SkyAtmosphere.TransmittanceLUT.UseSmallFormat:0]]
[2020.09.10-14.59.58:634][  0]LogConfig: Setting CVar [[r.SkyAtmosphere.TransmittanceLUT.SampleCount:10.0]]
[2020.09.10-14.59.58:634][  0]LogConfig: Setting CVar [[r.SkyAtmosphere.MultiScatteringLUT.SampleCount:15.0]]
[2020.09.10-14.59.58:634][  0]LogConfig: Applying CVar settings from Section [FoliageQuality@3] File [O:/GAM-3352/Unreal Projects/FA2020_Door/Saved/Config/Windows/Scalability.ini]
[2020.09.10-14.59.58:634][  0]LogConfig: Setting CVar [[foliage.DensityScale:1.0]]
[2020.09.10-14.59.58:634][  0]LogConfig: Setting CVar [[grass.DensityScale:1.0]]
[2020.09.10-14.59.58:634][  0]LogConfig: Applying CVar settings from Section [ShadingQuality@3] File [O:/GAM-3352/Unreal Projects/FA2020_Door/Saved/Config/Windows/Scalability.ini]
[2020.09.10-14.59.58:634][  0]LogConfig: Setting CVar [[r.HairStrands.SkyLighting.SampleCount:16]]
[2020.09.10-14.59.58:634][  0]LogConfig: Setting CVar [[r.HairStrands.SkyLighting.JitterIntegration:0]]
[2020.09.10-14.59.58:634][  0]LogConfig: Setting CVar [[r.HairStrands.SkyAO.SampleCount:16]]
[2020.09.10-14.59.58:634][  0]LogConfig: Setting CVar [[r.HairStrands.DeepShadow.SuperSampling:0]]
[2020.09.10-14.59.58:634][  0]LogConfig: Setting CVar [[r.HairStrands.VisibilityPPLL:0]]
[2020.09.10-14.59.58:634][  0]LogConfig: Setting CVar [[r.HairStrands.RasterizationScale:0.5]]
[2020.09.10-14.59.58:634][  0]LogConfig: Setting CVar [[r.HairStrands.VelocityRasterizationScale:1]]
[2020.09.10-14.59.58:634][  0]LogInit: Selected Device Profile: [Windows]
[2020.09.10-14.59.58:634][  0]LogInit: Applying CVar settings loaded from the selected device profile: [Windows]
[2020.09.10-14.59.58:634][  0]LogHAL: Display: Platform has ~ 32 GB [34301571072 / 34359738368 / 32], which maps to Largest [LargestMinGB=32, LargerMinGB=12, DefaultMinGB=8, SmallerMinGB=6, SmallestMinGB=0)
[2020.09.10-14.59.58:634][  0]LogInit: Going up to parent DeviceProfile []
[2020.09.10-14.59.58:634][  0]LogConfig: Applying CVar settings from Section [ViewDistanceQuality@3] File [O:/GAM-3352/Unreal Projects/FA2020_Door/Saved/Config/Windows/Scalability.ini]
[2020.09.10-14.59.58:634][  0]LogConfig: Setting CVar [[r.SkeletalMeshLODBias:0]]
[2020.09.10-14.59.58:634][  0]LogConfig: Setting CVar [[r.ViewDistanceScale:1.0]]
[2020.09.10-14.59.58:634][  0]LogConfig: Applying CVar settings from Section [AntiAliasingQuality@3] File [O:/GAM-3352/Unreal Projects/FA2020_Door/Saved/Config/Windows/Scalability.ini]
[2020.09.10-14.59.58:635][  0]LogConfig: Setting CVar [[r.PostProcessAAQuality:4]]
[2020.09.10-14.59.58:635][  0]LogConfig: Applying CVar settings from Section [ShadowQuality@3] File [O:/GAM-3352/Unreal Projects/FA2020_Door/Saved/Config/Windows/Scalability.ini]
[2020.09.10-14.59.58:635][  0]LogConfig: Setting CVar [[r.LightFunctionQuality:1]]
[2020.09.10-14.59.58:635][  0]LogConfig: Setting CVar [[r.ShadowQuality:5]]
[2020.09.10-14.59.58:635][  0]LogConfig: Setting CVar [[r.Shadow.CSM.MaxCascades:10]]
[2020.09.10-14.59.58:635][  0]LogConfig: Setting CVar [[r.Shadow.MaxResolution:2048]]
[2020.09.10-14.59.58:635][  0]LogConfig: Setting CVar [[r.Shadow.MaxCSMResolution:2048]]
[2020.09.10-14.59.58:635][  0]LogConfig: Setting CVar [[r.Shadow.RadiusThreshold:0.01]]
[2020.09.10-14.59.58:635][  0]LogConfig: Setting CVar [[r.Shadow.DistanceScale:1.0]]
[2020.09.10-14.59.58:635][  0]LogConfig: Setting CVar [[r.Shadow.CSM.TransitionScale:1.0]]
[2020.09.10-14.59.58:635][  0]LogConfig: Setting CVar [[r.Shadow.PreShadowResolutionFactor:1.0]]
[2020.09.10-14.59.58:635][  0]LogConfig: Setting CVar [[r.DistanceFieldShadowing:1]]
[2020.09.10-14.59.58:635][  0]LogConfig: Setting CVar [[r.DistanceFieldAO:1]]
[2020.09.10-14.59.58:635][  0]LogConfig: Setting CVar [[r.AOQuality:2]]
[2020.09.10-14.59.58:635][  0]LogConfig: Setting CVar [[r.VolumetricFog:1]]
[2020.09.10-14.59.58:635][  0]LogConfig: Setting CVar [[r.VolumetricFog.GridPixelSize:8]]
[2020.09.10-14.59.58:635][  0]LogConfig: Setting CVar [[r.VolumetricFog.GridSizeZ:128]]
[2020.09.10-14.59.58:635][  0]LogConfig: Setting CVar [[r.VolumetricFog.HistoryMissSupersampleCount:4]]
[2020.09.10-14.59.58:635][  0]LogConfig: Setting CVar [[r.LightMaxDrawDistanceScale:1]]
[2020.09.10-14.59.58:635][  0]LogConfig: Setting CVar [[r.CapsuleShadows:1]]
[2020.09.10-14.59.58:635][  0]LogConfig: Applying CVar settings from Section [PostProcessQuality@3] File [O:/GAM-3352/Unreal Projects/FA2020_Door/Saved/Config/Windows/Scalability.ini]
[2020.09.10-14.59.58:635][  0]LogConfig: Setting CVar [[r.MotionBlurQuality:4]]
[2020.09.10-14.59.58:635][  0]LogConfig: Setting CVar [[r.AmbientOcclusionMipLevelFactor:0.4]]
[2020.09.10-14.59.58:635][  0]LogConfig: Setting CVar [[r.AmbientOcclusionMaxQuality:100]]
[2020.09.10-14.59.58:635][  0]LogConfig: Setting CVar [[r.AmbientOcclusionLevels:-1]]
[2020.09.10-14.59.58:635][  0]LogConfig: Setting CVar [[r.AmbientOcclusionRadiusScale:1.0]]
[2020.09.10-14.59.58:635][  0]LogConfig: Setting CVar [[r.DepthOfFieldQuality:2]]
[2020.09.10-14.59.58:635][  0]LogConfig: Setting CVar [[r.RenderTargetPoolMin:400]]
[2020.09.10-14.59.58:635][  0]LogConfig: Setting CVar [[r.LensFlareQuality:2]]
[2020.09.10-14.59.58:635][  0]LogConfig: Setting CVar [[r.SceneColorFringeQuality:1]]
[2020.09.10-14.59.58:635][  0]LogConfig: Setting CVar [[r.EyeAdaptationQuality:2]]
[2020.09.10-14.59.58:635][  0]LogConfig: Setting CVar [[r.BloomQuality:5]]
[2020.09.10-14.59.58:635][  0]LogConfig: Setting CVar [[r.FastBlurThreshold:100]]
[2020.09.10-14.59.58:635][  0]LogConfig: Setting CVar [[r.Upscale.Quality:3]]
[2020.09.10-14.59.58:635][  0]LogConfig: Setting CVar [[r.Tonemapper.GrainQuantization:1]]
[2020.09.10-14.59.58:635][  0]LogConfig: Setting CVar [[r.LightShaftQuality:1]]
[2020.09.10-14.59.58:635][  0]LogConfig: Setting CVar [[r.Filter.SizeScale:1]]
[2020.09.10-14.59.58:635][  0]LogConfig: Setting CVar [[r.Tonemapper.Quality:5]]
[2020.09.10-14.59.58:635][  0]LogConfig: Setting CVar [[r.DOF.Gather.AccumulatorQuality:1        ; higher gathering accumulator quality]]
[2020.09.10-14.59.58:635][  0]LogConfig: Setting CVar [[r.DOF.Gather.PostfilterMethod:1          ; Median3x3 postfilering method]]
[2020.09.10-14.59.58:635][  0]LogConfig: Setting CVar [[r.DOF.Gather.EnableBokehSettings:0       ; no bokeh simulation when gathering]]
[2020.09.10-14.59.58:635][  0]LogConfig: Setting CVar [[r.DOF.Gather.RingCount:4                 ; medium number of samples when gathering]]
[2020.09.10-14.59.58:635][  0]LogConfig: Setting CVar [[r.DOF.Scatter.ForegroundCompositing:1    ; additive foreground scattering]]
[2020.09.10-14.59.58:635][  0]LogConfig: Setting CVar [[r.DOF.Scatter.BackgroundCompositing:2    ; additive background scattering]]
[2020.09.10-14.59.58:635][  0]LogConfig: Setting CVar [[r.DOF.Scatter.EnableBokehSettings:1      ; bokeh simulation when scattering]]
[2020.09.10-14.59.58:635][  0]LogConfig: Setting CVar [[r.DOF.Scatter.MaxSpriteRatio:0.1         ; only a maximum of 10% of scattered bokeh]]
[2020.09.10-14.59.58:635][  0]LogConfig: Setting CVar [[r.DOF.Recombine.Quality:1                ; cheap slight out of focus]]
[2020.09.10-14.59.58:635][  0]LogConfig: Setting CVar [[r.DOF.Recombine.EnableBokehSettings:0    ; no bokeh simulation on slight out of focus]]
[2020.09.10-14.59.58:635][  0]LogConfig: Setting CVar [[r.DOF.TemporalAAQuality:1                ; more stable temporal accumulation]]
[2020.09.10-14.59.58:635][  0]LogConfig: Setting CVar [[r.DOF.Kernel.MaxForegroundRadius:0.025]]
[2020.09.10-14.59.58:635][  0]LogConfig: Setting CVar [[r.DOF.Kernel.MaxBackgroundRadius:0.025]]
[2020.09.10-14.59.58:635][  0]LogConfig: Applying CVar settings from Section [TextureQuality@3] File [O:/GAM-3352/Unreal Projects/FA2020_Door/Saved/Config/Windows/Scalability.ini]
[2020.09.10-14.59.58:635][  0]LogConfig: Setting CVar [[r.Streaming.MipBias:0]]
[2020.09.10-14.59.58:635][  0]LogConfig: Setting CVar [[r.Streaming.AmortizeCPUToGPUCopy:0]]
[2020.09.10-14.59.58:635][  0]LogConfig: Setting CVar [[r.Streaming.MaxNumTexturesToStreamPerFrame:0]]
[2020.09.10-14.59.58:635][  0]LogConfig: Setting CVar [[r.Streaming.Boost:1]]
[2020.09.10-14.59.58:635][  0]LogConfig: Setting CVar [[r.MaxAnisotropy:8]]
[2020.09.10-14.59.58:635][  0]LogConfig: Setting CVar [[r.VT.MaxAnisotropy:8]]
[2020.09.10-14.59.58:635][  0]LogConfig: Setting CVar [[r.Streaming.LimitPoolSizeToVRAM:0]]
[2020.09.10-14.59.58:635][  0]LogConfig: Setting CVar [[r.Streaming.PoolSize:1000]]
[2020.09.10-14.59.58:635][  0]LogConfig: Setting CVar [[r.Streaming.MaxEffectiveScreenSize:0]]
[2020.09.10-14.59.58:635][  0]LogConfig: Applying CVar settings from Section [EffectsQuality@3] File [O:/GAM-3352/Unreal Projects/FA2020_Door/Saved/Config/Windows/Scalability.ini]
[2020.09.10-14.59.58:635][  0]LogConfig: Setting CVar [[r.TranslucencyLightingVolumeDim:64]]
[2020.09.10-14.59.58:635][  0]LogConfig: Setting CVar [[r.RefractionQuality:2]]
[2020.09.10-14.59.58:635][  0]LogConfig: Setting CVar [[r.SSR.Quality:3]]
[2020.09.10-14.59.58:635][  0]LogConfig: Setting CVar [[r.SSR.HalfResSceneColor:0]]
[2020.09.10-14.59.58:635][  0]LogConfig: Setting CVar [[r.SceneColorFormat:4]]
[2020.09.10-14.59.58:635][  0]LogConfig: Setting CVar [[r.DetailMode:2]]
[2020.09.10-14.59.58:635][  0]LogConfig: Setting CVar [[r.TranslucencyVolumeBlur:1]]
[2020.09.10-14.59.58:635][  0]LogConfig: Setting CVar [[r.MaterialQualityLevel:1 ; High quality]]
[2020.09.10-14.59.58:635][  0]LogConfig: Setting CVar [[r.SSS.Scale:1]]
[2020.09.10-14.59.58:635][  0]LogConfig: Setting CVar [[r.SSS.SampleSet:2]]
[2020.09.10-14.59.58:635][  0]LogConfig: Setting CVar [[r.SSS.Quality:1]]
[2020.09.10-14.59.58:635][  0]LogConfig: Setting CVar [[r.SSS.HalfRes:0]]
[2020.09.10-14.59.58:635][  0]LogConfig: Setting CVar [[r.SSGI.Quality:3]]
[2020.09.10-14.59.58:635][  0]LogConfig: Setting CVar [[r.EmitterSpawnRateScale:1.0]]
[2020.09.10-14.59.58:635][  0]LogConfig: Setting CVar [[r.ParticleLightQuality:2]]
[2020.09.10-14.59.58:635][  0]LogConfig: Setting CVar [[r.SkyAtmosphere.AerialPerspectiveLUT.FastApplyOnOpaque:1 ; Always have FastSkyLUT 1 in this case to avoid wrong sky]]
[2020.09.10-14.59.58:635][  0]LogConfig: Setting CVar [[r.SkyAtmosphere.AerialPerspectiveLUT.SampleCountPerSlice:1]]
[2020.09.10-14.59.58:635][  0]LogConfig: Setting CVar [[r.SkyAtmosphere.AerialPerspectiveLUT.DepthResolution:16.0]]
[2020.09.10-14.59.58:635][  0]LogConfig: Setting CVar [[r.SkyAtmosphere.FastSkyLUT:1]]
[2020.09.10-14.59.58:635][  0]LogConfig: Setting CVar [[r.SkyAtmosphere.FastSkyLUT.SampleCountMin:4.0]]
[2020.09.10-14.59.58:635][  0]LogConfig: Setting CVar [[r.SkyAtmosphere.FastSkyLUT.SampleCountMax:32.0]]
[2020.09.10-14.59.58:635][  0]LogConfig: Setting CVar [[r.SkyAtmosphere.SampleCountMin:4.0]]
[2020.09.10-14.59.58:635][  0]LogConfig: Setting CVar [[r.SkyAtmosphere.SampleCountMax:32.0]]
[2020.09.10-14.59.58:636][  0]LogConfig: Setting CVar [[r.SkyAtmosphere.TransmittanceLUT.UseSmallFormat:0]]
[2020.09.10-14.59.58:636][  0]LogConfig: Setting CVar [[r.SkyAtmosphere.TransmittanceLUT.SampleCount:10.0]]
[2020.09.10-14.59.58:636][  0]LogConfig: Setting CVar [[r.SkyAtmosphere.MultiScatteringLUT.SampleCount:15.0]]
[2020.09.10-14.59.58:636][  0]LogConfig: Applying CVar settings from Section [FoliageQuality@3] File [O:/GAM-3352/Unreal Projects/FA2020_Door/Saved/Config/Windows/Scalability.ini]
[2020.09.10-14.59.58:636][  0]LogConfig: Setting CVar [[foliage.DensityScale:1.0]]
[2020.09.10-14.59.58:636][  0]LogConfig: Setting CVar [[grass.DensityScale:1.0]]
[2020.09.10-14.59.58:636][  0]LogConfig: Applying CVar settings from Section [ShadingQuality@3] File [O:/GAM-3352/Unreal Projects/FA2020_Door/Saved/Config/Windows/Scalability.ini]
[2020.09.10-14.59.58:636][  0]LogConfig: Setting CVar [[r.HairStrands.SkyLighting.SampleCount:16]]
[2020.09.10-14.59.58:636][  0]LogConfig: Setting CVar [[r.HairStrands.SkyLighting.JitterIntegration:0]]
[2020.09.10-14.59.58:636][  0]LogConfig: Setting CVar [[r.HairStrands.SkyAO.SampleCount:16]]
[2020.09.10-14.59.58:636][  0]LogConfig: Setting CVar [[r.HairStrands.DeepShadow.SuperSampling:0]]
[2020.09.10-14.59.58:636][  0]LogConfig: Setting CVar [[r.HairStrands.VisibilityPPLL:0]]
[2020.09.10-14.59.58:636][  0]LogConfig: Setting CVar [[r.HairStrands.RasterizationScale:0.5]]
[2020.09.10-14.59.58:636][  0]LogConfig: Setting CVar [[r.HairStrands.VelocityRasterizationScale:1]]
[2020.09.10-14.59.58:636][  0]LogConfig: Applying CVar settings from Section [Startup] File [../../../Engine/Config/ConsoleVariables.ini]
[2020.09.10-14.59.58:636][  0]LogConfig: Setting CVar [[net.UseAdaptiveNetUpdateFrequency:0]]
[2020.09.10-14.59.58:636][  0]LogConfig: Setting CVar [[p.chaos.AllowCreatePhysxBodies:1]]
[2020.09.10-14.59.58:636][  0]LogConfig: Setting CVar [[fx.SkipVectorVMBackendOptimizations:1]]
[2020.09.10-14.59.58:636][  0]LogConfig: Applying CVar settings from Section [ConsoleVariables] File [O:/GAM-3352/Unreal Projects/FA2020_Door/Saved/Config/Windows/Engine.ini]
[2020.09.10-14.59.58:636][  0]LogInit: Computer: NQSCGL-MSI-09
[2020.09.10-14.59.58:636][  0]LogInit: User: sstewar1
[2020.09.10-14.59.58:636][  0]LogInit: CPU Page size=4096, Cores=4
[2020.09.10-14.59.58:636][  0]LogInit: High frequency timer resolution =10.000000 MHz
[2020.09.10-14.59.58:636][  0]LogMemory: Memory total: Physical=31.9GB (32GB approx)
[2020.09.10-14.59.58:636][  0]LogMemory: Platform Memory Stats for Windows
[2020.09.10-14.59.58:636][  0]LogMemory: Process Physical Memory: 113.63 MB used, 113.63 MB peak
[2020.09.10-14.59.58:636][  0]LogMemory: Process Virtual Memory: 96.05 MB used, 96.05 MB peak
[2020.09.10-14.59.58:636][  0]LogMemory: Physical Memory: 8046.91 MB used,  24665.62 MB free, 32712.53 MB total
[2020.09.10-14.59.58:636][  0]LogMemory: Virtual Memory: 5143.13 MB used,  134212584.00 MB free, 134217728.00 MB total
[2020.09.10-14.59.58:641][  0]LogWindows: WindowsPlatformFeatures enabled
[2020.09.10-14.59.58:671][  0]LogInit: Physics initialised using underlying interface: PhysX
[2020.09.10-14.59.58:675][  0]LogInit: Using OS detected language (en-US).
[2020.09.10-14.59.58:675][  0]LogInit: Using OS detected locale (en-US).
[2020.09.10-14.59.58:679][  0]LogTextLocalizationManager: No specific localization for 'en-US' exists, so the 'en' localization will be used.
[2020.09.10-14.59.58:853][  0]LogInit: Setting process to per monitor DPI aware
[2020.09.10-14.59.58:899][  0]LogSlate: New Slate User Created.  User Index 0, Is Virtual User: 0
[2020.09.10-14.59.58:899][  0]LogSlate: Slate User Registered.  User Index 0, Is Virtual User: 0
[2020.09.10-14.59.59:031][  0]LogHMD: Failed to initialize OpenVR with code 110
[2020.09.10-14.59.59:031][  0]LogD3D11RHI: D3D11 min allowed feature level: 11_0
[2020.09.10-14.59.59:031][  0]LogD3D11RHI: D3D11 max allowed feature level: 11_0
[2020.09.10-14.59.59:031][  0]LogD3D11RHI: D3D11 adapters:
[2020.09.10-14.59.59:095][  0]LogD3D11RHI:    0. 'NVIDIA GeForce GTX 1070' (Feature Level 11_0)
[2020.09.10-14.59.59:095][  0]LogD3D11RHI:       8088/0/16356 MB DedicatedVideo/DedicatedSystem/SharedSystem, Outputs:1, VendorId:0x10de
[2020.09.10-14.59.59:098][  0]LogD3D11RHI:    1. 'Microsoft Basic Render Driver' (Feature Level 11_0)
[2020.09.10-14.59.59:098][  0]LogD3D11RHI:       0/0/16356 MB DedicatedVideo/DedicatedSystem/SharedSystem, Outputs:0, VendorId:0x1414
[2020.09.10-14.59.59:098][  0]LogD3D11RHI: Chosen D3D11 Adapter: 0
[2020.09.10-14.59.59:105][  0]LogD3D11RHI: Creating new Direct3DDevice
[2020.09.10-14.59.59:105][  0]LogD3D11RHI:     GPU DeviceId: 0x1b81 (for the marketing name, search the web for "GPU Device Id")
[2020.09.10-14.59.59:105][  0]LogWindows: EnumDisplayDevices:
[2020.09.10-14.59.59:106][  0]LogWindows:    0. 'NVIDIA GeForce GTX 1070' (P:1 D:1)
[2020.09.10-14.59.59:106][  0]LogWindows:    1. 'NVIDIA GeForce GTX 1070' (P:0 D:0)
[2020.09.10-14.59.59:106][  0]LogWindows:    2. 'NVIDIA GeForce GTX 1070' (P:0 D:0)
[2020.09.10-14.59.59:106][  0]LogWindows:    3. 'NVIDIA GeForce GTX 1070' (P:0 D:0)
[2020.09.10-14.59.59:107][  0]LogWindows: DebugString: FoundDriverCount:4 
[2020.09.10-14.59.59:107][  0]LogD3D11RHI:     Adapter Name: NVIDIA GeForce GTX 1070
[2020.09.10-14.59.59:107][  0]LogD3D11RHI:   Driver Version: 451.67 (internal:27.21.14.5167, unified:451.67)
[2020.09.10-14.59.59:107][  0]LogD3D11RHI:      Driver Date: 7-5-2020
[2020.09.10-14.59.59:107][  0]LogRHI: Texture pool is 5661 MB (70% of 8088 MB)
[2020.09.10-14.59.59:143][  0]LogD3D11RHI: RHI has support for 64 bit atomics
[2020.09.10-14.59.59:144][  0]LogD3D11RHI: [Aftermath] Enabled and primed
[2020.09.10-14.59.59:144][  0]LogD3D11RHI: Async texture creation enabled
[2020.09.10-14.59.59:144][  0]LogD3D11RHI: Array index from any shader is supported
[2020.09.10-14.59.59:159][  0]LogD3D11RHI: GPU Timing Frequency: 1000.000000 (Debug: 2 1)
[2020.09.10-14.59.59:450][  0]LogTargetPlatformManager: Display: Loaded TargetPlatform 'AllDesktop'
[2020.09.10-14.59.59:485][  0]LogTargetPlatformManager: Display: Loaded TargetPlatform 'Android'
[2020.09.10-14.59.59:486][  0]LogTargetPlatformManager: Display: Loaded TargetPlatform 'Android_ASTC'
[2020.09.10-14.59.59:486][  0]LogTargetPlatformManager: Display: Loaded TargetPlatform 'Android_DXT'
[2020.09.10-14.59.59:486][  0]LogTargetPlatformManager: Display: Loaded TargetPlatform 'Android_ETC2'
[2020.09.10-14.59.59:486][  0]LogTargetPlatformManager: Display: Loaded TargetPlatform 'AndroidClient'
[2020.09.10-14.59.59:486][  0]LogTargetPlatformManager: Display: Loaded TargetPlatform 'Android_ASTCClient'
[2020.09.10-14.59.59:486][  0]LogTargetPlatformManager: Display: Loaded TargetPlatform 'Android_DXTClient'
[2020.09.10-14.59.59:486][  0]LogTargetPlatformManager: Display: Loaded TargetPlatform 'Android_ETC2Client'
[2020.09.10-14.59.59:486][  0]LogTargetPlatformManager: Display: Loaded TargetPlatform 'Android_Multi'
[2020.09.10-14.59.59:486][  0]LogTargetPlatformManager: Display: Loaded TargetPlatform 'Android_MultiClient'
[2020.09.10-14.59.59:528][  0]LogTargetPlatformManager: Display: Loaded TargetPlatform 'IOSClient'
[2020.09.10-14.59.59:529][  0]LogTargetPlatformManager: Display: Loaded TargetPlatform 'IOS'
[2020.09.10-14.59.59:555][  0]LogTargetPlatformManager: Display: Loaded TargetPlatform 'Linux'
[2020.09.10-14.59.59:574][  0]LogTargetPlatformManager: Display: Loaded TargetPlatform 'LinuxNoEditor'
[2020.09.10-14.59.59:594][  0]LogTargetPlatformManager: Display: Loaded TargetPlatform 'LinuxClient'
[2020.09.10-14.59.59:613][  0]LogTargetPlatformManager: Display: Loaded TargetPlatform 'LinuxServer'
[2020.09.10-14.59.59:632][  0]LogTargetPlatformManager: Display: Loaded TargetPlatform 'LinuxAArch64NoEditor'
[2020.09.10-14.59.59:652][  0]LogTargetPlatformManager: Display: Loaded TargetPlatform 'LinuxAArch64Client'
[2020.09.10-14.59.59:675][  0]LogTargetPlatformManager: Display: Loaded TargetPlatform 'LinuxAArch64Server'
[2020.09.10-14.59.59:726][  0]LogTargetPlatformManager: Display: Loaded TargetPlatform 'Lumin'
[2020.09.10-14.59.59:726][  0]LogTargetPlatformManager: Display: Loaded TargetPlatform 'LuminClient'
[2020.09.10-14.59.59:762][  0]LogTargetPlatformManager: Display: Loaded TargetPlatform 'TVOSClient'
[2020.09.10-14.59.59:762][  0]LogTargetPlatformManager: Display: Loaded TargetPlatform 'TVOS'
[2020.09.10-14.59.59:782][  0]LogTargetPlatformManager: Display: Loaded TargetPlatform 'WindowsNoEditor'
[2020.09.10-14.59.59:803][  0]LogTargetPlatformManager: Display: Loaded TargetPlatform 'Windows'
[2020.09.10-14.59.59:822][  0]LogTargetPlatformManager: Display: Loaded TargetPlatform 'WindowsClient'
[2020.09.10-14.59.59:841][  0]LogTargetPlatformManager: Display: Loaded TargetPlatform 'WindowsServer'
[2020.09.10-14.59.59:841][  0]LogTargetPlatformManager: Display: Building Assets For Windows
[2020.09.10-14.59.59:848][  0]LogAudioDebug: Display: Lib vorbis DLL was dynamically loaded.
[2020.09.10-14.59.59:903][  0]LogShaderCompilers: Guid format shader working directory is 9 characters bigger than the processId version (O:/GAM-3352/Unreal Projects/FA2020_Door/Intermediate/Shaders/WorkingDirectory/14500/).
[2020.09.10-14.59.59:903][  0]LogShaderCompilers: Cleaned the shader compiler working directory 'C:/Users/sstewar1/AppData/Local/Temp/UnrealShaderWorkingDir/691CA9744BE5E203A92E7BB4BD789193/'.
[2020.09.10-14.59.59:903][  0]LogXGEController: Cleaning working directory: C:/Users/sstewar1/AppData/Local/Temp/UnrealXGEWorkingDir/
[2020.09.10-14.59.59:903][  0]LogXGEController: Cannot use XGE Controller as Incredibuild is not installed on this machine.
[2020.09.10-14.59.59:903][  0]LogShaderCompilers: Cannot use XGE Shader Compiler as Incredibuild is not installed on this machine.
[2020.09.10-14.59.59:903][  0]LogShaderCompilers: Display: Using Local Shader Compiler.
[2020.09.10-15.00.00:693][  0]LogDerivedDataCache: Display: Max Cache Size: 512 MB
[2020.09.10-15.00.00:746][  0]LogDerivedDataCache: Loaded boot cache 0.05s 77MB C:/Users/sstewar1/AppData/Local/UnrealEngine/4.25/DerivedDataCache/Boot.ddc.
[2020.09.10-15.00.00:746][  0]LogDerivedDataCache: Display: Loaded Boot cache: C:/Users/sstewar1/AppData/Local/UnrealEngine/4.25/DerivedDataCache/Boot.ddc
[2020.09.10-15.00.00:747][  0]LogDerivedDataCache: FDerivedDataBackendGraph:  Pak pak cache file O:/GAM-3352/Unreal Projects/FA2020_Door/DerivedDataCache/DDC.ddp not found, will not use a pak cache.
[2020.09.10-15.00.00:747][  0]LogDerivedDataCache: Unable to find inner node Pak for hierarchical cache Hierarchy.
[2020.09.10-15.00.00:748][  0]LogDerivedDataCache: FDerivedDataBackendGraph:  CompressedPak pak cache file O:/GAM-3352/Unreal Projects/FA2020_Door/DerivedDataCache/Compressed.ddp not found, will not use a pak cache.
[2020.09.10-15.00.00:748][  0]LogDerivedDataCache: Unable to find inner node CompressedPak for hierarchical cache Hierarchy.
[2020.09.10-15.00.00:757][  0]LogDerivedDataCache: Display: Pak cache opened for reading ../../../Engine/DerivedDataCache/Compressed.ddp.
[2020.09.10-15.00.00:758][  0]LogDerivedDataCache: FDerivedDataBackendGraph:  EnterprisePak pak cache file ../../../Enterprise/DerivedDataCache/Compressed.ddp not found, will not use a pak cache.
[2020.09.10-15.00.00:758][  0]LogDerivedDataCache: Unable to find inner node EnterprisePak for hierarchical cache Hierarchy.
[2020.09.10-15.00.00:759][  0]LogDerivedDataCache: Using Local data cache path C:/Users/sstewar1/AppData/Local/UnrealEngine/Common/DerivedDataCache: Writable
[2020.09.10-15.00.00:759][  0]LogDerivedDataCache: Shared data cache path not found in *engine.ini, will not use an Shared cache.
[2020.09.10-15.00.00:759][  0]LogDerivedDataCache: Unable to find inner node Shared for hierarchical cache Hierarchy.
[2020.09.10-15.00.00:807][  0]LogSlate: Using FreeType 2.10.0
[2020.09.10-15.00.00:808][  0]LogSlate: SlateFontServices - WITH_FREETYPE: 1, WITH_HARFBUZZ: 1
[2020.09.10-15.00.00:835][  0]LogAssetRegistry: FAssetRegistry took 0.0056 seconds to start up
[2020.09.10-15.00.01:281][  0]LogInit: Selected Device Profile: [Windows]
[2020.09.10-15.00.01:421][  0]LogMeshReduction: Using QuadricMeshReduction for automatic static mesh reduction
[2020.09.10-15.00.01:421][  0]LogMeshReduction: Using SimplygonMeshReduction for automatic skeletal mesh reduction
[2020.09.10-15.00.01:421][  0]LogMeshReduction: Using ProxyLODMeshReduction for automatic mesh merging
[2020.09.10-15.00.01:421][  0]LogMeshReduction: No distributed automatic mesh merging module available
[2020.09.10-15.00.01:421][  0]LogMeshMerging: No distributed automatic mesh merging module available
[2020.09.10-15.00.01:434][  0]LogNetVersion: FA2020_Door 1.0.0, NetCL: 13144385, EngineNetVer: 14, GameNetVer: 0 (Checksum: 4173285291)
[2020.09.10-15.00.01:974][  0]LogAISub: UAISubsystem::UAISubsystem AISubsystem (00000159E5A19BC0), frame # 0
[2020.09.10-15.00.01:974][  0]LogAISub: UAISubsystem::UAISubsystem AIPerceptionSystem (00000159E595EAC0), frame # 0
[2020.09.10-15.00.01:984][  0]LogAISub: UAISubsystem::UAISubsystem EnvQueryManager (00000159E59E0A00), frame # 0
[2020.09.10-15.00.03:028][  0]LogPackageLocalizationCache: Processed 19 localized package path(s) for 1 prioritized culture(s) in 1.035969 seconds
[2020.09.10-15.00.03:032][  0]LogUObjectArray: 15917 objects as part of root set at end of initial load.
[2020.09.10-15.00.03:032][  0]LogUObjectAllocator: 3965568 out of 0 bytes used by permanent object pool.
[2020.09.10-15.00.03:032][  0]LogUObjectArray: CloseDisregardForGC: 0/0 objects in disregard for GC pool
[2020.09.10-15.00.03:377][  0]LogTcpMessaging: Initializing TcpMessaging bridge
[2020.09.10-15.00.03:382][  0]LogUdpMessaging: Initializing bridge on interface 0.0.0.0:0 to multicast group 230.0.0.1:6666.
[2020.09.10-15.00.03:382][  0]LogDirectoryWatcher: A directory notification failed for 'O:/GAM-3352/Unreal Projects/FA2020_Door/Content/' because it was empty or there was a buffer overflow. Attemping another request...
[2020.09.10-15.00.03:382][  0]LogDirectoryWatcher: A directory notification failed for 'O:/GAM-3352/Unreal Projects/FA2020_Door/Content/' because it was empty or there was a buffer overflow. Attemping another request...
[2020.09.10-15.00.03:488][  0]SourceControl: Source control is disabled
[2020.09.10-15.00.03:488][  0]SourceControl: Source control is disabled
[2020.09.10-15.00.03:491][  0]SourceControl: Source control is disabled
[2020.09.10-15.00.03:494][  0]SourceControl: Source control is disabled
[2020.09.10-15.00.03:499][  0]SourceControl: Source control is disabled
[2020.09.10-15.00.03:511][  0]LogVSAccessor: Display: Unable to create Visual Studio setup instance: 80040154
[2020.09.10-15.00.03:511][  0]LogVSAccessor: Display: Unable to create Visual Studio setup instance: 80040154
[2020.09.10-15.00.03:800][  0]LogAndroidPermission: UAndroidPermissionCallbackProxy::GetInstance
[2020.09.10-15.00.03:817][  0]LogAudioCaptureCore: Display: No Audio Capture implementations found. Audio input will be silent.
[2020.09.10-15.00.03:817][  0]LogAudioCaptureCore: Display: No Audio Capture implementations found. Audio input will be silent.
[2020.09.10-15.00.03:864][  0]LogOcInput: OculusInput pre-init called
[2020.09.10-15.00.03:874][  0]LogWindows: Failed to load 'OVRPlugin.dll' (GetLastError=126)
[2020.09.10-15.00.03:874][  0]LogWindows: File 'OVRPlugin.dll' does not exist
[2020.09.10-15.00.03:933][  0]LogEngine: Initializing Engine...
[2020.09.10-15.00.03:934][  0]LogHMD: Failed to initialize OpenVR with code 110
[2020.09.10-15.00.03:934][  0]LogMagicLeap: Warning: VR disabled because ZI is not enabled.  To enable, in the editor, Edit -> Project Settings -> Plugins -> Magic Leap Plugin -> Enable Zero Iteration
[2020.09.10-15.00.03:937][  0]LogStats: UGameplayTagsManager::InitializeManager -  0.002 s
[2020.09.10-15.00.04:052][  0]LogInit: Initializing FReadOnlyCVARCache
[2020.09.10-15.00.04:059][  0]LogAIModule: Creating AISystem for world Untitled
[2020.09.10-15.00.04:059][  0]LogAISub: UAISubsystem::UAISubsystem EnvQueryManager (00000159E86ADC00), frame # 0
[2020.09.10-15.00.04:059][  0]LogAISub: UAISubsystem::UAISubsystem AIPerceptionSystem (00000159E8683B00), frame # 0
[2020.09.10-15.00.04:080][  0]LogAudioMixer: Display: Audio Mixer Platform Settings:
[2020.09.10-15.00.04:080][  0]LogAudioMixer: Display: 	Sample Rate:						  48000
[2020.09.10-15.00.04:080][  0]LogAudioMixer: Display: 	Callback Buffer Frame Size Requested: 1024
[2020.09.10-15.00.04:080][  0]LogAudioMixer: Display: 	Callback Buffer Frame Size To Use:	  1024
[2020.09.10-15.00.04:080][  0]LogAudioMixer: Display: 	Number of buffers to queue:			  2
[2020.09.10-15.00.04:080][  0]LogAudioMixer: Display: 	Max Channels (voices):				  32
[2020.09.10-15.00.04:081][  0]LogAudioMixer: Display: 	Number of Async Source Workers:		  0
[2020.09.10-15.00.04:081][  0]LogAudio: Display: AudioDevice MaxSources: 32
[2020.09.10-15.00.04:081][  0]LogAudio: Display: Using built-in audio occlusion.
[2020.09.10-15.00.04:081][  0]LogAudioMixer: Display: Initializing audio mixer.
[2020.09.10-15.00.04:107][  0]LogAudioMixer: Display: 0: FrontLeft
[2020.09.10-15.00.04:107][  0]LogAudioMixer: Display: 1: FrontRight
[2020.09.10-15.00.04:143][  0]LogAudioMixer: Display: Using Audio Device Speakers (USB Audio Device)
[2020.09.10-15.00.04:146][  0]LogAudioMixer: Display: Initializing Sound Submixes...
[2020.09.10-15.00.04:148][  0]LogAudioMixer: Display: Creating Master Submix 'MasterSubmixDefault'
[2020.09.10-15.00.04:148][  0]LogAudioMixer: Display: Creating Master Submix 'MasterReverbSubmixDefault'
[2020.09.10-15.00.04:149][  0]LogAudioMixer: Display: Creating Master Submix 'MasterEQSubmixDefault'
[2020.09.10-15.00.04:150][  0]LogInit: FAudioDevice initialized.
[2020.09.10-15.00.04:150][  0]LogNetVersion: Set ProjectVersion to 1.0.0.0. Version Checksum will be recalculated on next use.
[2020.09.10-15.00.04:311][  0]LogDerivedDataCache: Saved boot cache 0.16s 75MB C:/Users/sstewar1/AppData/Local/UnrealEngine/4.25/DerivedDataCache/Boot.ddc.
[2020.09.10-15.00.04:315][  0]LogInit: Texture streaming: Enabled
[2020.09.10-15.00.04:327][  0]LogEngineSessionManager: EngineSessionManager initialized
[2020.09.10-15.00.04:327][  0]LogEditorSessionSummary: Verbose: Initializing EditorSessionSummaryWriter for editor session tracking
[2020.09.10-15.00.04:329][  0]LogEditorSessionSummary: EditorSessionSummaryWriter initialized
[2020.09.10-15.00.04:515][  0]LogInit: Transaction tracking system initialized
[2020.09.10-15.00.04:533][  0]BlueprintLog: New page: Editor Load
[2020.09.10-15.00.04:617][  0]LocalizationService: Localization service is disabled
[2020.09.10-15.00.04:737][  0]LogVSAccessor: Display: Unable to create Visual Studio setup instance: 80040154
[2020.09.10-15.00.04:738][  0]LogVSAccessor: Display: Unable to create Visual Studio setup instance: 80040154
[2020.09.10-15.00.04:828][  0]LogCook: Display: Max memory allowance for cook 16384mb min free memory 0mb
[2020.09.10-15.00.04:828][  0]LogCook: Display: Mobile HDR setting 1
[2020.09.10-15.00.05:136][  0]LogFileCache: Scanning file cache for directory 'O:/GAM-3352/Unreal Projects/FA2020_Door/Content/' took 0.30s
[2020.09.10-15.00.05:136][  0]SourceControl: Source control is disabled
[2020.09.10-15.00.05:136][  0]LogUnrealEdMisc: Loading editor; pre map load, took 9.850
[2020.09.10-15.00.05:137][  0]Cmd: MAP LOAD FILE="O:/GAM-3352/Unreal Projects/FA2020_Door/Content/FirstPersonBP/Maps/FirstPersonExampleMap.umap" TEMPLATE=0 SHOWPROGRESS=1 FEATURELEVEL=3
[2020.09.10-15.00.05:150][  0]LightingResults: New page: Lighting Build
[2020.09.10-15.00.05:151][  0]LogWorld: UWorld::CleanupWorld for Untitled, bSessionEnded=true, bCleanupResources=true
[2020.09.10-15.00.05:151][  0]LogSlate: InvalidateAllWidgets triggered.  All widgets were invalidated
[2020.09.10-15.00.05:151][  0]MapCheck: New page: Map Check
[2020.09.10-15.00.05:151][  0]LightingResults: New page: Lighting Build
[2020.09.10-15.00.05:160][  0]LogAISub: UAISubsystem::~UAISubsystem EnvQueryManager (00000159E86ADC00), frame # 0
[2020.09.10-15.00.05:160][  0]LogAISub: UAISubsystem::~UAISubsystem AIPerceptionSystem (00000159E8683B00), frame # 0
[2020.09.10-15.00.05:161][  0]LogUObjectHash: Compacting FUObjectHashTables data took   0.66ms
[2020.09.10-15.00.09:229][  0]LogAIModule: Creating AISystem for world FirstPersonExampleMap
[2020.09.10-15.00.09:229][  0]LogAISub: UAISubsystem::UAISubsystem EnvQueryManager (00000159DC67A400), frame # 0
[2020.09.10-15.00.09:229][  0]LogAISub: UAISubsystem::UAISubsystem AIPerceptionSystem (00000159DC673B00), frame # 0
[2020.09.10-15.00.09:258][  0]LogEditorServer: Finished looking for orphan Actors (0.000 secs)
[2020.09.10-15.00.09:272][  0]LogUObjectHash: Compacting FUObjectHashTables data took   0.76ms
[2020.09.10-15.00.09:272][  0]Cmd: MAP CHECKDEP NOCLEARLOG
[2020.09.10-15.00.09:274][  0]MapCheck: Map check complete: 0 Error(s), 0 Warning(s), took 1.975ms to complete.
[2020.09.10-15.00.09:274][  0]LogFileHelpers: Loading map 'FirstPersonExampleMap' took 4.137
[2020.09.10-15.00.09:281][  0]LogUnrealEdMisc: Total Editor Startup Time, took 13.994
[2020.09.10-15.00.09:419][  0]LogSlate: Updating window title bar state: overlay mode, drag disabled, window buttons hidden, title bar hidden
[2020.09.10-15.00.09:426][  0]LogSlate: Updating window title bar state: overlay mode, drag disabled, window buttons hidden, title bar hidden
[2020.09.10-15.00.09:433][  0]LogSlate: Updating window title bar state: overlay mode, drag disabled, window buttons hidden, title bar hidden
[2020.09.10-15.00.09:439][  0]LogSlate: Updating window title bar state: overlay mode, drag disabled, window buttons hidden, title bar hidden
[2020.09.10-15.00.09:456][  0]LogCollectionManager: Loaded 0 collections in 0.013060 seconds
[2020.09.10-15.00.09:478][  0]LogFileCache: Scanning file cache for directory 'O:/GAM-3352/Unreal Projects/FA2020_Door/Saved/Collections/' took 0.00s
[2020.09.10-15.00.09:478][  0]LogFileCache: Scanning file cache for directory 'O:/GAM-3352/Unreal Projects/FA2020_Door/Content/Developers/sstewar1/Collections/' took 0.01s
[2020.09.10-15.00.09:478][  0]LogFileCache: Scanning file cache for directory 'O:/GAM-3352/Unreal Projects/FA2020_Door/Content/Collections/' took 0.01s
[2020.09.10-15.00.09:478][  0]LogContentBrowser: Native class hierarchy populated in 0.0081 seconds. Added 3427 classes and 821 folders.
[2020.09.10-15.00.09:482][  0]LogContentBrowser: Native class hierarchy updated for 'WidgetCarousel' in 0.0004 seconds. Added 0 classes and 0 folders.
[2020.09.10-15.00.09:536][  0]LogContentBrowser: Native class hierarchy updated for 'AddContentDialog' in 0.0005 seconds. Added 0 classes and 0 folders.
[2020.09.10-15.00.09:537][  0]LogContentBrowser: Native class hierarchy updated for 'SceneOutliner' in 0.0003 seconds. Added 2 classes and 0 folders.
[2020.09.10-15.00.09:580][  0]LogSlate: Took 0.000266 seconds to synchronously load lazily loaded font '../../../Engine/Content/Slate/Fonts/Roboto-Regular.ttf' (155K)
[2020.09.10-15.00.09:582][  0]LogSlate: Took 0.000145 seconds to synchronously load lazily loaded font '../../../Engine/Content/Slate/Fonts/Roboto-Bold.ttf' (160K)
[2020.09.10-15.00.09:585][  0]LogSlate: Took 0.000107 seconds to synchronously load lazily loaded font '../../../Engine/Content/Editor/Slate/Fonts/FontAwesome.ttf' (139K)
[2020.09.10-15.00.09:646][  0]LogRenderer: Reallocating scene render targets to support 1056x556 Format 10 NumSamples 1 (Frame:1).
[2020.09.10-15.00.09:754][  0]LogContentBrowser: Native class hierarchy updated for 'HierarchicalLODOutliner' in 0.0003 seconds. Added 0 classes and 0 folders.
[2020.09.10-15.00.09:754][  0]LogLoad: (Engine Initialization) Total time: 14.47 seconds
[2020.09.10-15.00.09:754][  0]LogLoad: (Engine Initialization) Total Blueprint compile time: 0.00 seconds
[2020.09.10-15.00.09:795][  0]LogAssetRegistry: Asset discovery search completed in 8.9610 seconds
[2020.09.10-15.00.09:799][  0]LogCollectionManager: Fixed up redirectors for 0 collections in 0.000003 seconds (updated 0 objects)
[2020.09.10-15.00.09:801][  0]LogContentStreaming: Texture pool size now 1000 MB
[2020.09.10-15.00.09:879][  1]LogDirectoryWatcher: A directory notification failed for 'O:/GAM-3352/Unreal Projects/FA2020_Door/Content/' because it was empty or there was a buffer overflow. Attemping another request...
[2020.09.10-15.00.09:879][  1]LogDirectoryWatcher: A directory notification failed for 'O:/GAM-3352/Unreal Projects/FA2020_Door/Content/', and we were unable to create a new request.
[2020.09.10-15.00.09:879][  1]LogDirectoryWatcher: A directory notification failed for 'O:/GAM-3352/Unreal Projects/FA2020_Door/Content/' because it was empty or there was a buffer overflow. Attemping another request...
[2020.09.10-15.00.09:880][  1]LogDirectoryWatcher: A directory notification failed for 'O:/GAM-3352/Unreal Projects/FA2020_Door/Content/', and we were unable to create a new request.
[2020.09.10-15.00.09:880][  1]LogDirectoryWatcher: A directory notification failed for 'O:/GAM-3352/Unreal Projects/FA2020_Door/Saved/Collections/' because it was empty or there was a buffer overflow. Attemping another request...
[2020.09.10-15.00.09:880][  1]LogDirectoryWatcher: A directory notification failed for 'O:/GAM-3352/Unreal Projects/FA2020_Door/Content/Developers/sstewar1/Collections/' because it was empty or there was a buffer overflow. Attemping another request...
[2020.09.10-15.00.09:880][  1]LogDirectoryWatcher: A directory notification failed for 'O:/GAM-3352/Unreal Projects/FA2020_Door/Content/Collections/' because it was empty or there was a buffer overflow. Attemping another request...
[2020.09.10-15.00.09:888][  2]LogDirectoryWatcher: A directory notification failed for 'O:/GAM-3352/Unreal Projects/FA2020_Door/Saved/Collections/' because it was empty or there was a buffer overflow. Attemping another request...
[2020.09.10-15.00.09:889][  2]LogDirectoryWatcher: A directory notification failed for 'O:/GAM-3352/Unreal Projects/FA2020_Door/Saved/Collections/', and we were unable to create a new request.
[2020.09.10-15.00.09:889][  2]LogDirectoryWatcher: A directory notification failed for 'O:/GAM-3352/Unreal Projects/FA2020_Door/Content/Developers/sstewar1/Collections/' because it was empty or there was a buffer overflow. Attemping another request...
[2020.09.10-15.00.09:890][  2]LogDirectoryWatcher: A directory notification failed for 'O:/GAM-3352/Unreal Projects/FA2020_Door/Content/Developers/sstewar1/Collections/', and we were unable to create a new request.
[2020.09.10-15.00.09:890][  2]LogDirectoryWatcher: A directory notification failed for 'O:/GAM-3352/Unreal Projects/FA2020_Door/Content/Collections/' because it was empty or there was a buffer overflow. Attemping another request...
[2020.09.10-15.00.09:891][  2]LogDirectoryWatcher: A directory notification failed for 'O:/GAM-3352/Unreal Projects/FA2020_Door/Content/Collections/', and we were unable to create a new request.
[2020.09.10-15.00.13:215][378]LogSlate: Took 0.000257 seconds to synchronously load lazily loaded font '../../../Engine/Content/Slate/Fonts/Roboto-Light.ttf' (167K)
[2020.09.10-15.01.13:258][562]LogSlate: Took 0.000153 seconds to synchronously load lazily loaded font '../../../Engine/Content/Slate/Fonts/Roboto-Light.ttf' (167K)
[2020.09.10-15.01.13:374][562]LogUObjectHash: Compacting FUObjectHashTables data took   0.59ms
[2020.09.10-15.01.13:408][562]LogSavePackage: Moving 'O:/GAM-3352/Unreal Projects/FA2020_Door/Saved/Stewart_LevelB45C28B74F97B43C887B4EA45899E04F.tmp' to 'O:/GAM-3352/Unreal Projects/FA2020_Door/Content/Collaboration/Stewart_Sam/Stewart_Level.umap'
[2020.09.10-15.01.13:444][562]LogFileHelpers: Saving map 'Stewart_Level' took 0.110
[2020.09.10-15.01.13:557][562]LogUObjectHash: Compacting FUObjectHashTables data took   0.19ms
[2020.09.10-15.01.13:573][562]LogUObjectHash: Compacting FUObjectHashTables data took   0.57ms
[2020.09.10-15.01.13:581][562]LogUObjectHash: Compacting FUObjectHashTables data took   0.26ms
[2020.09.10-15.01.13:644][562]AssetCheck: New page: Asset Save: Stewart_Level
[2020.09.10-15.01.13:644][562]LogContentValidation: Display: Validating World /Game/Collaboration/Stewart_Sam/Stewart_Level.Stewart_Level
[2020.09.10-15.03.02:408][650]LogAssetEditorSubsystem: Opening Asset editor for World /Game/Collaboration/Stewart_Sam/Stewart_Level.Stewart_Level
[2020.09.10-15.03.02:418][650]LogUObjectHash: Compacting FUObjectHashTables data took   1.18ms
[2020.09.10-15.03.02:420][650]Cmd: MAP LOAD FILE="O:/GAM-3352/Unreal Projects/FA2020_Door/Content/Collaboration/Stewart_Sam/Stewart_Level.umap" TEMPLATE=0 SHOWPROGRESS=1 FEATURELEVEL=3
[2020.09.10-15.03.02:420][650]LightingResults: New page: Lighting Build
[2020.09.10-15.03.02:420][650]LoadErrors: New page: Loading map: Stewart_Level.umap
[2020.09.10-15.03.02:429][650]LogWorld: UWorld::CleanupWorld for FirstPersonExampleMap, bSessionEnded=true, bCleanupResources=true
[2020.09.10-15.03.02:429][650]LogSlate: InvalidateAllWidgets triggered.  All widgets were invalidated
[2020.09.10-15.03.02:429][650]MapCheck: New page: Map Check
[2020.09.10-15.03.02:429][650]LightingResults: New page: Lighting Build
[2020.09.10-15.03.02:438][650]LogAISub: UAISubsystem::~UAISubsystem EnvQueryManager (00000159DC67A400), frame # 4650
[2020.09.10-15.03.02:438][650]LogAISub: UAISubsystem::~UAISubsystem AIPerceptionSystem (00000159DC673B00), frame # 4650
[2020.09.10-15.03.02:439][650]LogUObjectHash: Compacting FUObjectHashTables data took   0.66ms
[2020.09.10-15.03.02:443][650]LogEditorServer: Finished looking for orphan Actors (0.000 secs)
[2020.09.10-15.03.02:443][650]LogAIModule: Creating AISystem for world Stewart_Level
[2020.09.10-15.03.02:443][650]LogAISub: UAISubsystem::UAISubsystem EnvQueryManager (00000159FF5CDC00), frame # 4650
[2020.09.10-15.03.02:444][650]LogAISub: UAISubsystem::UAISubsystem AIPerceptionSystem (00000159D7A5C7C0), frame # 4650
[2020.09.10-15.03.02:453][650]LogUObjectHash: Compacting FUObjectHashTables data took   0.64ms
[2020.09.10-15.03.02:485][650]Cmd: MAP CHECKDEP NOCLEARLOG
[2020.09.10-15.03.02:487][650]MapCheck: Map check complete: 0 Error(s), 0 Warning(s), took 2.482ms to complete.
[2020.09.10-15.03.02:487][650]LogFileHelpers: Loading map 'Stewart_Level' took 0.068
[2020.09.10-15.03.05:942][ 41]LogUObjectHash: Compacting FUObjectHashTables data took   0.23ms
[2020.09.10-15.03.15:041][ 90]LogUObjectHash: Compacting FUObjectHashTables data took   0.26ms
